<?xml version="1.0" encoding="UTF-8"?>
<!-- Generated by org.testng.reporters.JUnitReportReporter -->
<testsuite hostname="DESKTOP-02CR4GB" failures="0" tests="1" name="Fruits.SauceDemo" time="12.479" errors="0" timestamp="2023-04-14T18:58:36 IST" skipped="0">
  <testcase classname="Fruits.SauceDemo" name="login" time="12.479"/>
  <system-out/>
</testsuite> <!-- Fruits.SauceDemo -->
