<?xml version="1.0" encoding="UTF-8"?>
<!-- Generated by org.testng.reporters.JUnitReportReporter -->
<testsuite hostname="DESKTOP-02CR4GB" failures="0" tests="1" name="Fruits.Guru99" time="15.490" errors="0" timestamp="2023-04-11T22:28:56 IST" skipped="0">
  <testcase classname="Fruits.Guru99" name="login" time="15.490"/>
  <system-out/>
</testsuite> <!-- Fruits.Guru99 -->
