<?xml version="1.0" encoding="UTF-8"?>
<!-- Generated by org.testng.reporters.JUnitReportReporter -->
<testsuite hostname="DESKTOP-02CR4GB" failures="0" tests="2" name="Fruits.Groups" time="0.011" errors="0" timestamp="2023-03-23T16:01:25 IST" skipped="0">
  <testcase classname="Fruits.Groups" name="carA" time="0.010"/>
  <system-out/>
  <testcase classname="Fruits.Groups" name="carB" time="0.001"/>
  <system-out/>
</testsuite> <!-- Fruits.Groups -->
