<?xml version="1.0" encoding="UTF-8"?>
<!-- Generated by org.testng.reporters.JUnitReportReporter -->
<testsuite hostname="DESKTOP-02CR4GB" failures="0" tests="1" name="Fruits.draganddrop" time="18.921" errors="0" timestamp="2023-03-21T13:00:20 IST" skipped="0">
  <testcase classname="Fruits.draganddrop" name="frame" time="18.921"/>
  <system-out/>
</testsuite> <!-- Fruits.draganddrop -->
