<?xml version="1.0" encoding="UTF-8"?>
<!-- Generated by org.testng.reporters.JUnitReportReporter -->
<testsuite hostname="DESKTOP-02CR4GB" failures="0" tests="4" name="Fruits.Alerts1" time="0.067" errors="0" timestamp="2023-03-20T19:41:28 IST" skipped="3">
  <testcase classname="Fruits.Alerts1" name="alert" time="0.067"/>
  <system-out/>
  <testcase classname="Fruits.Alerts1" name="alertC">
    <skipped/>
  </testcase> <!-- alertC -->
  <system-out/>
  <testcase classname="Fruits.Alerts1" name="alertA">
    <skipped/>
  </testcase> <!-- alertA -->
  <system-out/>
  <testcase classname="Fruits.Alerts1" name="alertB">
    <skipped/>
  </testcase> <!-- alertB -->
  <system-out/>
</testsuite> <!-- Fruits.Alerts1 -->
